[debug] [2017-10-14T08:07:26.608Z] ----------------------------------------------------------------------
[debug] [2017-10-14T08:07:26.611Z] Command:       /Users/lewis/.nvm/versions/node/v6.11.1/bin/node /usr/local/bin/firebase deploy --only functions
[debug] [2017-10-14T08:07:26.611Z] CLI Version:   3.13.1
[debug] [2017-10-14T08:07:26.611Z] Platform:      darwin
[debug] [2017-10-14T08:07:26.611Z] Node Version:  v6.11.1
[debug] [2017-10-14T08:07:26.612Z] Time:          Sat Oct 14 2017 18:37:26 GMT+1030 (ACDT)
[debug] [2017-10-14T08:07:26.612Z] ----------------------------------------------------------------------
[debug] 
[debug] [2017-10-14T08:07:26.627Z] > command requires scopes: ["email","openid","https://www.googleapis.com/auth/cloudplatformprojects.readonly","https://www.googleapis.com/auth/firebase","https://www.googleapis.com/auth/cloud-platform"]
[debug] [2017-10-14T08:07:26.627Z] > authorizing via signed-in user
[debug] [2017-10-14T08:07:26.629Z] >>> HTTP REQUEST GET https://admin.firebase.com/v1/projects/fourp-bot  
 Sat Oct 14 2017 18:37:26 GMT+1030 (ACDT)
[debug] [2017-10-14T08:07:27.824Z] <<< HTTP RESPONSE 200
[debug] [2017-10-14T08:07:27.825Z] >>> HTTP REQUEST GET https://admin.firebase.com/v1/database/fourp-bot/tokens  
 Sat Oct 14 2017 18:37:27 GMT+1030 (ACDT)
[debug] [2017-10-14T08:07:28.721Z] <<< HTTP RESPONSE 200
[info] 1
[info] 
[info] === Deploying to 'fourp-bot'...
[info] 
[info] i  deploying functions
[debug] [2017-10-14T08:07:30.528Z] > [functions] package.json contents: {
  "name": "functions",
  "description": "Cloud Functions for Firebase",
  "dependencies": {
    "firebase-admin": "^5.4.2",
    "firebase-functions": "^0.7.1",
    "request": "^2.83.0",
    "request-promise": "^4.2.2"
  },
  "private": true
}
[info] i  functions: ensuring necessary APIs are enabled...
[info] i  runtimeconfig: ensuring necessary APIs are enabled...
[debug] [2017-10-14T08:07:30.531Z] >>> HTTP REQUEST GET https://servicemanagement.googleapis.com/v1/services/cloudfunctions.googleapis.com/projectSettings/fourp-bot?view=CONSUMER_VIEW  
 Sat Oct 14 2017 18:37:30 GMT+1030 (ACDT)
[debug] [2017-10-14T08:07:30.532Z] >>> HTTP REQUEST GET https://servicemanagement.googleapis.com/v1/services/runtimeconfig.googleapis.com/projectSettings/fourp-bot?view=CONSUMER_VIEW  
 Sat Oct 14 2017 18:37:30 GMT+1030 (ACDT)
[debug] [2017-10-14T08:07:31.933Z] <<< HTTP RESPONSE 200
[info] ✔  runtimeconfig: all necessary APIs are enabled
[debug] [2017-10-14T08:07:31.969Z] <<< HTTP RESPONSE 200
[info] ✔  functions: all necessary APIs are enabled
[debug] [2017-10-14T08:07:31.970Z] >>> HTTP REQUEST GET https://appengine.googleapis.com/v1/apps/fourp-bot  
 Sat Oct 14 2017 18:37:31 GMT+1030 (ACDT)
[debug] [2017-10-14T08:07:31.971Z] >>> HTTP REQUEST GET https://apikeys.googleapis.com/v1/projects/fourp-bot/apiKeys  
 Sat Oct 14 2017 18:37:31 GMT+1030 (ACDT)
[debug] [2017-10-14T08:07:33.162Z] <<< HTTP RESPONSE 200
[debug] [2017-10-14T08:07:33.384Z] <<< HTTP RESPONSE 200
[info] i  functions: preparing functions directory for uploading...
[debug] [2017-10-14T08:07:38.470Z] >>> HTTP REQUEST GET https://runtimeconfig.googleapis.com/v1beta1/projects/fourp-bot/configs  
 Sat Oct 14 2017 18:37:38 GMT+1030 (ACDT)
[debug] [2017-10-14T08:07:38.901Z] <<< HTTP RESPONSE 200
[info] i  functions: packaged functions (28.14 KB) for uploading
[debug] [2017-10-14T08:07:42.295Z] >>> HTTP REQUEST GET https://www.googleapis.com/storage/v1/b/staging.fourp-bot.appspot.com  
 Sat Oct 14 2017 18:37:42 GMT+1030 (ACDT)
[debug] [2017-10-14T08:07:42.729Z] <<< HTTP RESPONSE 200
[debug] [2017-10-14T08:07:42.730Z] >>> HTTP REQUEST POST https://www.googleapis.com/upload/storage/v1/b/staging.fourp-bot.appspot.com/o?uploadType=media&name=firebase-functions-source ReadStream {
  _readableState: 
   ReadableState {
     objectMode: false,
     highWaterMark: 65536,
     buffer: BufferList { head: [Object], tail: [Object], length: 1 },
     length: 28817,
     pipes: null,
     pipesCount: 0,
     flowing: null,
     ended: true,
     endEmitted: false,
     reading: false,
     sync: false,
     needReadable: false,
     emittedReadable: true,
     readableListening: false,
     resumeScheduled: false,
     defaultEncoding: 'utf8',
     ranOut: false,
     awaitDrain: 0,
     readingMore: false,
     decoder: null,
     encoding: null },
  readable: true,
  domain: null,
  _events: { end: [Function] },
  _eventsCount: 1,
  _maxListeners: undefined,
  path: '/var/folders/52/_b_06cbs1lq66gw8fw85kq7m0000gn/T/firebase-functions-643081PEygJl1hKjI.zip',
  fd: 18,
  flags: 'r',
  mode: 438,
  start: undefined,
  end: undefined,
  autoClose: true,
  pos: undefined,
  bytesRead: 28817 } 
 Sat Oct 14 2017 18:37:42 GMT+1030 (ACDT)
[debug] [2017-10-14T08:07:43.337Z] <<< HTTP RESPONSE 200
[info] ✔  functions: functions folder uploaded successfully
[info] i  starting release process (may take several minutes)...
[debug] [2017-10-14T08:07:43.339Z] >>> HTTP REQUEST GET https://cloudfunctions.googleapis.com/v1beta2/projects/fourp-bot/locations/us-central1/functions  
 Sat Oct 14 2017 18:37:43 GMT+1030 (ACDT)
[debug] [2017-10-14T08:07:43.921Z] <<< HTTP RESPONSE 200
[info] i  functions: updating function getNews...
[debug] [2017-10-14T08:07:43.925Z] Trigger is: 
[debug] [2017-10-14T08:07:43.926Z] >>> HTTP REQUEST PUT https://cloudfunctions.googleapis.com/v1beta2/projects/fourp-bot/locations/us-central1/functions/getNews { sourceArchiveUrl: 'gs://staging.fourp-bot.appspot.com/firebase-functions-source',
  name: 'projects/fourp-bot/locations/us-central1/functions/getNews',
  entryPoint: 'getNews',
  timeout: '60s',
  availableMemoryMb: 256,
  httpsTrigger: {} } 
 Sat Oct 14 2017 18:37:43 GMT+1030 (ACDT)
[debug] [2017-10-14T08:07:44.385Z] <<< HTTP RESPONSE 200
[debug] [2017-10-14T08:07:44.387Z] >>> HTTP REQUEST GET https://cloudfunctions.googleapis.com/v1beta2/projects/fourp-bot/locations/us-central1/functions  
 Sat Oct 14 2017 18:37:44 GMT+1030 (ACDT)
[debug] [2017-10-14T08:07:44.387Z] >>> HTTP REQUEST GET https://cloudfunctions.googleapis.com/v1beta2/operations/Zm91cnAtYm90L3VzLWNlbnRyYWwxL2dldE5ld3MvcjVubnAzNFJDdU0  
 Sat Oct 14 2017 18:37:44 GMT+1030 (ACDT)
[debug] [2017-10-14T08:07:44.792Z] <<< HTTP RESPONSE 200
[debug] [2017-10-14T08:07:44.796Z] [functions] operation poll: getNews: update operations/Zm91cnAtYm90L3VzLWNlbnRyYWwxL2dldE5ld3MvcjVubnAzNFJDdU0 is not done.
[debug] [2017-10-14T08:07:44.834Z] <<< HTTP RESPONSE 200
[debug] [2017-10-14T08:07:49.800Z] >>> HTTP REQUEST GET https://cloudfunctions.googleapis.com/v1beta2/operations/Zm91cnAtYm90L3VzLWNlbnRyYWwxL2dldE5ld3MvcjVubnAzNFJDdU0  
 Sat Oct 14 2017 18:37:49 GMT+1030 (ACDT)
[debug] [2017-10-14T08:07:50.635Z] <<< HTTP RESPONSE 200
[debug] [2017-10-14T08:07:50.635Z] [functions] operation poll: getNews: update operations/Zm91cnAtYm90L3VzLWNlbnRyYWwxL2dldE5ld3MvcjVubnAzNFJDdU0 is not done.
[debug] [2017-10-14T08:07:55.637Z] >>> HTTP REQUEST GET https://cloudfunctions.googleapis.com/v1beta2/operations/Zm91cnAtYm90L3VzLWNlbnRyYWwxL2dldE5ld3MvcjVubnAzNFJDdU0  
 Sat Oct 14 2017 18:37:55 GMT+1030 (ACDT)
[debug] [2017-10-14T08:07:56.044Z] <<< HTTP RESPONSE 200
[debug] [2017-10-14T08:07:56.044Z] [functions] operation poll: getNews: update operations/Zm91cnAtYm90L3VzLWNlbnRyYWwxL2dldE5ld3MvcjVubnAzNFJDdU0 is not done.
